rnbqkbnr/pppppppp/8/8/8/8/PPPPPPPP/RNBQKBNR w KQkq - 0 1
rnbqkbnr/pppppppp/8/8/3P4/8/PPP1PPPP/RNBQKBNR b KQkq d3 0 1
rnbqkb1r/pppppppp/5n2/8/3P4/8/PPP1PPPP/RNBQKBNR w KQkq - 1 2
rnbqkb1r/pppppppp/5n2/8/2PP4/8/PP2PPPP/RNBQKBNR b KQkq c3 0 2
rnbqkb1r/pppp1ppp/4pn2/8/2PP4/8/PP2PPPP/RNBQKBNR w KQkq - 0 3
rnbqkb1r/pppp1ppp/4pn2/8/2PP4/2N5/PP2PPPP/R1BQKBNR b KQkq - 1 3
rnbqk2r/pppp1ppp/4pn2/8/1bPP4/2N5/PP2PPPP/R1BQKBNR w KQkq - 2 4
rnbqk2r/pppp1ppp/4pn2/8/1bPP4/2N1P3/PP3PPP/R1BQKBNR b KQkq - 0 4
rnbq1rk1/pppp1ppp/4pn2/8/1bPP4/2N1P3/PP3PPP/R1BQKBNR w KQ - 1 5
rnbq1rk1/pppp1ppp/4pn2/8/1bPP4/2NBP3/PP3PPP/R1BQK1NR b KQ - 2 5
rnbq1rk1/ppp2ppp/4pn2/3p4/1bPP4/2NBP3/PP3PPP/R1BQK1NR w KQ d6 0 6
rnbq1rk1/ppp2ppp/4pn2/3p4/1bPP4/2NBPN2/PP3PPP/R1BQK2R b KQ - 1 6
rnbq1rk1/pp3ppp/4pn2/2pp4/1bPP4/2NBPN2/PP3PPP/R1BQK2R w KQ c6 0 7
rnbq1rk1/pp3ppp/4pn2/2pp4/1bPP4/2NBPN2/PP3PPP/R1BQ1RK1 b - - 1 7
r1bq1rk1/pp3ppp/2n1pn2/2pp4/1bPP4/2NBPN2/PP3PPP/R1BQ1RK1 w - - 2 8
r1bq1rk1/pp3ppp/2n1pn2/2pp4/1bPP4/P1NBPN2/1P3PPP/R1BQ1RK1 b - - 0 8
r1bq1rk1/pp3ppp/2n1pn2/2pp4/2PP4/P1bBPN2/1P3PPP/R1BQ1RK1 w - - 0 9
r1bq1rk1/pp3ppp/2n1pn2/2pp4/2PP4/P1PBPN2/5PPP/R1BQ1RK1 b - - 0 9
r1bq1rk1/pp3ppp/2n1pn2/2p5/2pP4/P1PBPN2/5PPP/R1BQ1RK1 w - - 0 10
r1bq1rk1/pp3ppp/2n1pn2/2p5/2BP4/P1P1PN2/5PPP/R1BQ1RK1 b - - 0 10
r1b2rk1/ppq2ppp/2n1pn2/2p5/2BP4/P1P1PN2/5PPP/R1BQ1RK1 w - - 1 11
r1b2rk1/ppq2ppp/2n1pn2/1Bp5/3P4/P1P1PN2/5PPP/R1BQ1RK1 b - - 2 11
r1b2rk1/1pq2ppp/p1n1pn2/1Bp5/3P4/P1P1PN2/5PPP/R1BQ1RK1 w - - 0 12
r1b2rk1/1pq2ppp/p1n1pn2/2p5/3P4/P1PBPN2/5PPP/R1BQ1RK1 b - - 1 12
r1b2rk1/1pq2ppp/p1n2n2/2p1p3/3P4/P1PBPN2/5PPP/R1BQ1RK1 w - - 0 13
r1b2rk1/1pq2ppp/p1n2n2/2p1p3/3P4/P1PBPN2/2Q2PPP/R1B2RK1 b - - 1 13
r1b2rk1/2q2ppp/p1n2n2/1pp1p3/3P4/P1PBPN2/2Q2PPP/R1B2RK1 w - b6 0 14
r1b2rk1/2q2ppp/p1n2n2/1pp1p3/3PP3/P1PB1N2/2Q2PPP/R1B2RK1 b - - 0 14
r1b2rk1/2q2ppp/p1n2n2/1pp5/3pP3/P1PB1N2/2Q2PPP/R1B2RK1 w - - 0 15
r1b2rk1/2q2ppp/p1n2n2/1pp5/3PP3/P2B1N2/2Q2PPP/R1B2RK1 b - - 0 15
r1b2rk1/2q2ppp/p1n2n2/1p6/2pPP3/P2B1N2/2Q2PPP/R1B2RK1 w - - 0 16
r1b2rk1/2q2ppp/p1n2n2/1p6/2pPP3/P4N2/2Q1BPPP/R1B2RK1 b - - 1 16
r1b1r1k1/2q2ppp/p1n2n2/1p6/2pPP3/P4N2/2Q1BPPP/R1B2RK1 w - - 2 17
r1b1r1k1/2q2ppp/p1n2n2/1p1P4/2p1P3/P4N2/2Q1BPPP/R1B2RK1 b - - 0 17
r1b1r1k1/2q2ppp/p4n2/1p1Pn3/2p1P3/P4N2/2Q1BPPP/R1B2RK1 w - - 1 18
r1b1r1k1/2q2ppp/p4n2/1p1Pn3/2p1P3/P4N2/1BQ1BPPP/R4RK1 b - - 2 18
r1b1r1k1/2q2ppp/p4n2/1p1P4/2p1P3/P4n2/1BQ1BPPP/R4RK1 w - - 0 19
r1b1r1k1/2q2ppp/p4n2/1p1P4/2p1P3/P4B2/1BQ2PPP/R4RK1 b - - 0 19
r3r1k1/2q2ppp/p4n2/1p1P4/2p1P1b1/P4B2/1BQ2PPP/R4RK1 w - - 1 20
r3r1k1/2q2ppp/p2P1n2/1p6/2p1P1b1/P4B2/1BQ2PPP/R4RK1 b - - 0 20
r3r1k1/5ppp/p1qP1n2/1p6/2p1P1b1/P4B2/1BQ2PPP/R4RK1 w - - 1 21
r3r1k1/5ppp/p1qP1n2/1p6/2p1P1B1/P7/1BQ2PPP/R4RK1 b - - 0 21
r3r1k1/5ppp/p1qP4/1p6/2p1P1n1/P7/1BQ2PPP/R4RK1 w - - 0 22
r3r1k1/5ppp/p1qP4/1p6/2p1P1n1/P6P/1BQ2PP1/R4RK1 b - - 0 22
r3r1k1/5ppp/p1qP4/1p2n3/2p1P3/P6P/1BQ2PP1/R4RK1 w - - 1 23
r3r1k1/5ppp/p1qP4/1p2n3/2p1P3/P6P/1BQ2PP1/3R1RK1 b - - 2 23
r3r1k1/3n1ppp/p1qP4/1p6/2p1P3/P6P/1BQ2PP1/3R1RK1 w - - 3 24
r3r1k1/3n1ppp/p1qP4/1p6/2p1P3/P6P/1BQ2PP1/3RR1K1 b - - 4 24
r3r1k1/3n1ppp/2qP4/pp6/2p1P3/P6P/1BQ2PP1/3RR1K1 w - - 0 25
r3r1k1/3n1ppp/2qP4/pp6/2p1P3/P1B4P/2Q2PP1/3RR1K1 b - - 1 25
r3r1k1/3n2pp/2qP1p2/pp6/2p1P3/P1B4P/2Q2PP1/3RR1K1 w - - 0 26
r3r1k1/3n2pp/2qP1p2/pp6/2p1P3/P1B4P/3Q1PP1/3RR1K1 b - - 1 26
r5k1/3n2pp/2qP1p2/pp6/2p1r3/P1B4P/3Q1PP1/3RR1K1 w - - 0 27
r5k1/3n2pp/2qP1p2/pp6/2p1R3/P1B4P/3Q1PP1/3R2K1 b - - 0 27
r5k1/3n2pp/3P1p2/pp6/2p1q3/P1B4P/3Q1PP1/3R2K1 w - - 0 28
r5k1/3n2pp/3P1p2/Bp6/2p1q3/P6P/3Q1PP1/3R2K1 b - - 0 28
4r1k1/3n2pp/3P1p2/Bp6/2p1q3/P6P/3Q1PP1/3R2K1 w - - 1 29
4r1k1/3n2pp/3P1p2/1p6/1Bp1q3/P6P/3Q1PP1/3R2K1 b - - 2 29
6k1/3n2pp/3P1p2/1p2r3/1Bp1q3/P6P/3Q1PP1/3R2K1 w - - 3 30
6k1/3n2pp/3P1p2/1p2r3/1Bp1q3/P4P1P/3Q2P1/3R2K1 b - - 0 30
6k1/3n2pp/3P1p2/1p2r3/1Bp5/P3qP1P/3Q2P1/3R2K1 w - - 1 31
6k1/3n2pp/3P1p2/1p2r3/1Bp5/P3QP1P/6P1/3R2K1 b - - 0 31
6k1/3n2pp/3P1p2/1p6/1Bp5/P3rP1P/6P1/3R2K1 w - - 0 32
6k1/3n2pp/3P1p2/1p6/1Bp5/P3rP1P/5KP1/3R4 b - - 1 32
4r1k1/3n2pp/3P1p2/1p6/1Bp5/P4P1P/5KP1/3R4 w - - 2 33
4r1k1/3n2pp/3P1p2/1p6/1Bp2P2/P6P/5KP1/3R4 b - - 0 33
4r3/3n1kpp/3P1p2/1p6/1Bp2P2/P6P/5KP1/3R4 w - - 1 34
4r3/3n1kpp/3P1p2/1p1R4/1Bp2P2/P6P/5KP1/8 b - - 2 34
1r6/3n1kpp/3P1p2/1p1R4/1Bp2P2/P6P/5KP1/8 w - - 3 35
1r6/3n1kpp/3P1p2/1p1R4/1Bp2P2/P3K2P/6P1/8 b - - 4 35
1r6/3n2pp/3Pkp2/1p1R4/1Bp2P2/P3K2P/6P1/8 w - - 5 36
1r6/3n2pp/3Pkp2/1p6/1Bp2P2/P3K2P/6P1/3R4 b - - 6 36
1r6/3n2pp/3Pk3/1p3p2/1Bp2P2/P3K2P/6P1/3R4 w - - 0 37
1r6/3n2pp/3Pk3/1p3p2/1Bp2PP1/P3K2P/8/3R4 b - g3 0 37
1r6/3n2pp/3Pk3/1p6/1Bp2Pp1/P3K2P/8/3R4 w - - 0 38
1r6/3n2pp/3Pk3/1p6/1Bp2PP1/P3K3/8/3R4 b - - 0 38
1r6/6pp/3Pkn2/1p6/1Bp2PP1/P3K3/8/3R4 w - - 1 39
1r6/6pp/3Pkn2/1p3P2/1Bp3P1/P3K3/8/3R4 b - - 0 39
1r6/3k2pp/3P1n2/1p3P2/1Bp3P1/P3K3/8/3R4 w - - 1 40
1r6/3k2pp/3P1n2/1p3PP1/1Bp5/P3K3/8/3R4 b - - 0 40
4r3/3k2pp/3P1n2/1p3PP1/1Bp5/P3K3/8/3R4 w - - 1 41
4r3/3k2pp/3P1n2/1p3PP1/1Bp2K2/P7/8/3R4 b - - 2 41
4r3/3k2pp/3P4/1p3PPn/1Bp2K2/P7/8/3R4 w - - 3 42
4r3/3k2pp/3P4/1p3PPn/1Bp3K1/P7/8/3R4 b - - 4 42
4r3/3k3p/3P2p1/1p3PPn/1Bp3K1/P7/8/3R4 w - - 0 43
4r3/3k3p/3P2P1/1p4Pn/1Bp3K1/P7/8/3R4 b - - 0 43
4r3/3k4/3P2p1/1p4Pn/1Bp3K1/P7/8/3R4 w - - 0 44
4r3/3k4/3P2p1/1p1R2Pn/1Bp3K1/P7/8/8 b - - 1 44
4r3/3k2n1/3P2p1/1p1R2P1/1Bp3K1/P7/8/8 w - - 2 45
4r3/3k2n1/3P2p1/1R4P1/1Bp3K1/P7/8/8 b - - 0 45
4r3/3k4/3P2p1/1R3nP1/1Bp3K1/P7/8/8 w - - 1 46
4r3/1R1k4/3P2p1/5nP1/1Bp3K1/P7/8/8 b - - 2 46
4r3/1R6/3Pk1p1/5nP1/1Bp3K1/P7/8/8 w - - 3 47
4r3/2R5/3Pk1p1/5nP1/1Bp3K1/P7/8/8 b - - 4 47
7r/2R5/3Pk1p1/5nP1/1Bp3K1/P7/8/8 w - - 5 48
7r/2R5/3Pk1p1/5nP1/1Bp5/P4K2/8/8 b - - 6 48
8/2R5/3Pk1p1/5nP1/1Bp5/P4K1r/8/8 w - - 7 49
8/2R5/3Pk1p1/5nP1/1Bp5/P6r/5K2/8 b - - 8 49
8/2R5/3Pk1p1/5nP1/1Bp5/P7/5K1r/8 w - - 9 50
8/2R5/3Pk1p1/5nP1/1Bp5/P7/7r/4K3 b - - 10 50
8/2R5/3Pk1p1/5nP1/1Bp5/P7/8/4K2r w - - 11 51
8/2R5/3Pk1p1/5nP1/1Bp5/P7/5K2/7r b - - 12 51
8/2R5/3Pk1p1/5nP1/1Bp5/P7/5K1r/8 w - - 13 52
8/2R5/3Pk1p1/5nP1/1Bp5/P7/7r/5K2 b - - 14 52
8/2R5/3Pk1p1/5nP1/1Bp5/P7/8/5K1r w - - 15 53
8/2R5/3Pk1p1/5nP1/1Bp5/P7/6K1/7r b - - 16 53
8/2R5/3Pk1p1/5nP1/1Bp5/P7/6K1/3r4 w - - 17 54
8/2R5/3Pk1p1/5nP1/1Bp5/P7/5K2/3r4 b - - 18 54
8/2R5/3Pk1p1/5nP1/1Bpr4/P7/5K2/8 w - - 19 55
8/2R5/3Pk1p1/5nP1/1Bpr4/P7/8/4K3 b - - 20 55
8/2R5/3Pk1p1/5nP1/1Bp4r/P7/8/4K3 w - - 21 56
8/2R5/3Pk1p1/5nP1/1Bp4r/P7/3K4/8 b - - 22 56
8/2R5/3Pk1p1/5nP1/1Bp5/P7/3K3r/8 w - - 23 57
8/2R5/3Pk1p1/5nP1/1Bp5/P1K5/7r/8 b - - 24 57
8/2R5/3Pk1p1/5nP1/1Bp5/P1K4r/8/8 w - - 25 58
8/2R5/3Pk1p1/5nP1/1BK5/P6r/8/8 b - - 0 58
8/2R5/3nk1p1/6P1/1BK5/P6r/8/8 w - - 0 59
8/2R5/3nk1p1/2K3P1/1B6/P6r/8/8 b - - 1 59
8/2R5/4k1p1/2K3P1/1B2n3/P6r/8/8 w - - 2 60
8/2R5/4k1p1/1K4P1/1B2n3/P6r/8/8 b - - 3 60
8/2R5/4k1p1/1K4n1/1B6/P6r/8/8 w - - 0 61
8/2R5/4k1p1/1K4n1/PB6/7r/8/8 b - - 0 61
8/2R5/4k1p1/1K6/PB6/5n1r/8/8 w - - 1 62
8/2R5/4k1p1/PK6/1B6/5n1r/8/8 b - - 0 62
8/2R5/4k1p1/PK6/1B1n4/7r/8/8 w - - 1 63
8/2R5/4k1p1/P7/1BKn4/7r/8/8 b - - 2 63
8/2R5/4k1p1/P7/1BKn3r/8/8/8 w - - 3 64
8/2R5/4k1p1/P1B5/2Kn3r/8/8/8 b - - 4 64
8/2R5/2n1k1p1/P1B5/2K4r/8/8/8 w - - 5 65
8/2R5/2n1k1p1/PKB5/7r/8/8/8 b - - 6 65
8/2R5/4k1p1/nKB5/7r/8/8/8 w - - 0 66
8/2R5/4k1p1/K1B5/7r/8/8/8 b - - 0 66
8/2R5/4k3/K1B3p1/7r/8/8/8 w - - 0 67
8/2R5/4k3/1KB3p1/7r/8/8/8 b - - 1 67
8/2R5/4k3/1KB5/6pr/8/8/8 w - - 0 68
8/6R1/4k3/1KB5/6pr/8/8/8 b - - 1 68
8/6R1/4k3/1KB5/7r/6p1/8/8 w - - 0 69
8/8/4k3/1KB5/7r/6R1/8/8 b - - 0 69
8/8/4k3/1KB5/8/6R1/8/7r w - - 1 70
8/8/2K1k3/2B5/8/6R1/8/7r b - - 2 70
8/8/2K1k3/2B5/8/6R1/8/4r3 w - - 3 71
8/8/2K1k3/8/3B4/6R1/8/4r3 b - - 4 71
8/8/2K1k3/8/3B4/6R1/8/2r5 w - - 5 72
8/8/2K1k3/8/8/2B3R1/8/2r5 b - - 6 72
8/8/2K1k3/8/8/2B3R1/8/3r4 w - - 7 73
8/8/2K1k3/8/8/2B1R3/8/3r4 b - - 8 73
8/8/2K5/5k2/8/2B1R3/8/3r4 w - - 9 74
8/8/8/2K2k2/8/2B1R3/8/3r4 b - - 10 74
3r4/8/8/2K2k2/8/2B1R3/8/8 w - - 11 75
3r4/8/8/2K1Bk2/8/4R3/8/8 b - - 12 75
2r5/8/8/2K1Bk2/8/4R3/8/8 w - - 13 76
2r5/8/8/3KBk2/8/4R3/8/8 b - - 14 76
r7/8/8/3KBk2/8/4R3/8/8 w - - 15 77
r7/8/8/3KBk2/8/5R2/8/8 b - - 16 77
r7/8/8/3KB3/6k1/5R2/8/8 w - - 17 78
r7/5R2/8/3KB3/6k1/8/8/8 b - - 18 78
8/5R2/8/r2KB3/6k1/8/8/8 w - - 19 79
8/5R2/8/r3B3/4K1k1/8/8/8 b - - 20 79
8/5R2/8/4B3/r3K1k1/8/8/8 w - - 21 80
8/5R2/8/8/r2BK1k1/8/8/8 b - - 22 80
8/5R2/8/6k1/r2BK3/8/8/8 w - - 23 81
8/6R1/8/6k1/r2BK3/8/8/8 b - - 24 81
8/6R1/8/8/r2BK2k/8/8/8 w - - 25 82
8/6R1/8/4K3/r2B3k/8/8/8 b - - 26 82
8/6R1/8/4K3/r2B4/7k/8/8 w - - 27 83
8/8/8/4K3/r2B4/7k/8/6R1 b - - 28 83
8/8/8/4K3/1r1B4/7k/8/6R1 w - - 29 84
8/8/8/4K3/1r6/4B2k/8/6R1 b - - 30 84
8/8/8/4K3/6r1/4B2k/8/6R1 w - - 31 85
8/8/8/4K3/6r1/4B2k/8/R7 b - - 32 85
8/8/8/4K3/6r1/4B3/6k1/R7 w - - 33 86
8/8/8/4K3/5Br1/8/6k1/R7 b - - 34 86
6r1/8/8/4K3/5B2/8/6k1/R7 w - - 35 87
6r1/8/8/4K3/5B2/8/R5k1/8 b - - 36 87
6r1/8/8/4K3/5B2/5k2/R7/8 w - - 37 88
6r1/8/8/4K3/5B2/R4k2/8/8 b - - 38 88
6r1/8/8/4K3/5B2/R7/4k3/8 w - - 39 89
6r1/8/8/8/4KB2/R7/4k3/8 b - - 40 89
4r3/8/8/8/4KB2/R7/4k3/8 w - - 41 90
4r3/8/8/4B3/4K3/R7/4k3/8 b - - 42 90
8/4r3/8/4B3/4K3/R7/4k3/8 w - - 43 91
8/4r3/8/4B3/4K3/8/R3k3/8 b - - 44 91
8/4r3/8/4B3/4K3/8/R7/4k3 w - - 45 92
8/4r3/8/4B3/3K4/8/R7/4k3 b - - 46 92
8/4r3/8/4B3/3K4/8/R7/5k2 w - - 47 93
8/4r3/8/8/3K1B2/8/R7/5k2 b - - 48 93
8/8/8/8/3K1B2/8/R3r3/5k2 w - - 49 94
R7/8/8/8/3K1B2/8/4r3/5k2 b - - 50 94
Empate -- Regra dos 50 Movimentos
